# JRE version: OpenJDK Runtime Environment (8.0) (build 1.8.0-25-microsoft-b00)
# Java VM: OpenJDK 64-Bit Server VM (25.71-b00 mixed mode windows-amd64 compressed oops)
Heap:
 PSYoungGen      total 183808K, used 75910K [0x00000000eab00000, 0x00000000f7700000, 0x0000000100000000)
  eden space 158720K, 46% used [0x00000000eab00000,0x00000000ef2d1950,0x00000000f4600000)
  from space 25088K, 9% used [0x00000000f4600000,0x00000000f4850000,0x00000000f5e80000)
  to   space 23552K, 0% used [0x00000000f6000000,0x00000000f6000000,0x00000000f7700000)
 ParOldGen       total 100864K, used 51600K [0x00000000c0000000, 0x00000000c6280000, 0x00000000eab00000)
  object space 100864K, 51% used [0x00000000c0000000,0x00000000c32640e0,0x00000000c6280000)
 Metaspace       used 15831K, capacity 16616K, committed 17408K, reserved 1064960K
  class space    used 1866K, capacity 2086K, committed 2304K, reserved 1048576K
GC Heap History (10 events):
Event: 5.980 GC heap before
{Heap before GC invocations=14 (full 1):
 PSYoungGen      total 152064K, used 132960K [0x00000000eab00000, 0x00000000f5600000, 0x0000000100000000)
  eden space 131072K, 100% used [0x00000000eab00000,0x00000000f2b00000,0x00000000f2b00000)
  from space 20992K, 8% used [0x00000000f4180000,0x00000000f4358000,0x00000000f5600000)
  to   space 22016K, 0% used [0x00000000f2b00000,0x00000000f2b00000,0x00000000f4080000)
 ParOldGen       total 100864K, used 41086K [0x00000000c0000000, 0x00000000c6280000, 0x00000000eab00000)
  object space 100864K, 40% used [0x00000000c0000000,0x00000000c281fad0,0x00000000c6280000)
 Metaspace       used 15724K, capacity 16542K, committed 17152K, reserved 1064960K
  class space    used 1864K, capacity 2085K, committed 2304K, reserved 1048576K
Event: 5.987 GC heap after
Heap after GC invocations=14 (full 1):
 PSYoungGen      total 153088K, used 1908K [0x00000000eab00000, 0x00000000f5600000, 0x0000000100000000)
  eden space 131072K, 0% used [0x00000000eab00000,0x00000000eab00000,0x00000000f2b00000)
  from space 22016K, 8% used [0x00000000f2b00000,0x00000000f2cdd110,0x00000000f4080000)
  to   space 20992K, 0% used [0x00000000f4180000,0x00000000f4180000,0x00000000f5600000)
 ParOldGen       total 100864K, used 42662K [0x00000000c0000000, 0x00000000c6280000, 0x00000000eab00000)
  object space 100864K, 42% used [0x00000000c0000000,0x00000000c29a9ad0,0x00000000c6280000)
 Metaspace       used 15724K, capacity 16542K, committed 17152K, reserved 1064960K
  class space    used 1864K, capacity 2085K, committed 2304K, reserved 1048576K
}
Event: 6.159 GC heap before
{Heap before GC invocations=15 (full 1):
 PSYoungGen      total 153088K, used 132980K [0x00000000eab00000, 0x00000000f5600000, 0x0000000100000000)
  eden space 131072K, 100% used [0x00000000eab00000,0x00000000f2b00000,0x00000000f2b00000)
  from space 22016K, 8% used [0x00000000f2b00000,0x00000000f2cdd110,0x00000000f4080000)
  to   space 20992K, 0% used [0x00000000f4180000,0x00000000f4180000,0x00000000f5600000)
 ParOldGen       total 100864K, used 42662K [0x00000000c0000000, 0x00000000c6280000, 0x00000000eab00000)
  object space 100864K, 42% used [0x00000000c0000000,0x00000000c29a9ad0,0x00000000c6280000)
 Metaspace       used 15756K, capacity 16542K, committed 17152K, reserved 1064960K
  class space    used 1864K, capacity 2085K, committed 2304K, reserved 1048576K
Event: 6.165 GC heap after
Heap after GC invocations=15 (full 1):
 PSYoungGen      total 152064K, used 1600K [0x00000000eab00000, 0x00000000f5600000, 0x0000000100000000)
  eden space 131072K, 0% used [0x00000000eab00000,0x00000000eab00000,0x00000000f2b00000)
  from space 20992K, 7% used [0x00000000f4180000,0x00000000f4310000,0x00000000f5600000)
  to   space 22016K, 0% used [0x00000000f2b00000,0x00000000f2b00000,0x00000000f4080000)
 ParOldGen       total 100864K, used 44134K [0x00000000c0000000, 0x00000000c6280000, 0x00000000eab00000)
  object space 100864K, 43% used [0x00000000c0000000,0x00000000c2b19ae0,0x00000000c6280000)
 Metaspace       used 15756K, capacity 16542K, committed 17152K, reserved 1064960K
  class space    used 1864K, capacity 2085K, committed 2304K, reserved 1048576K
}
Event: 6.349 GC heap before
{Heap before GC invocations=16 (full 1):
 PSYoungGen      total 152064K, used 132672K [0x00000000eab00000, 0x00000000f5600000, 0x0000000100000000)
  eden space 131072K, 100% used [0x00000000eab00000,0x00000000f2b00000,0x00000000f2b00000)
  from space 20992K, 7% used [0x00000000f4180000,0x00000000f4310000,0x00000000f5600000)
  to   space 22016K, 0% used [0x00000000f2b00000,0x00000000f2b00000,0x00000000f4080000)
 ParOldGen       total 100864K, used 44137K [0x00000000c0000000, 0x00000000c6280000, 0x00000000eab00000)
  object space 100864K, 43% used [0x00000000c0000000,0x00000000c2b1a490,0x00000000c6280000)
 Metaspace       used 15764K, capacity 16542K, committed 17152K, reserved 1064960K
  class space    used 1864K, capacity 2085K, committed 2304K, reserved 1048576K
Event: 6.353 GC heap after
Heap after GC invocations=16 (full 1):
 PSYoungGen      total 153088K, used 1824K [0x00000000eab00000, 0x00000000f5600000, 0x0000000100000000)
  eden space 131072K, 0% used [0x00000000eab00000,0x00000000eab00000,0x00000000f2b00000)
  from space 22016K, 8% used [0x00000000f2b00000,0x00000000f2cc8000,0x00000000f4080000)
  to   space 20992K, 0% used [0x00000000f4180000,0x00000000f4180000,0x00000000f5600000)
 ParOldGen       total 100864K, used 45585K [0x00000000c0000000, 0x00000000c6280000, 0x00000000eab00000)
  object space 100864K, 45% used [0x00000000c0000000,0x00000000c2c84490,0x00000000c6280000)
 Metaspace       used 15764K, capacity 16542K, committed 17152K, reserved 1064960K
  class space    used 1864K, capacity 2085K, committed 2304K, reserved 1048576K
}
Event: 6.513 GC heap before
{Heap before GC invocations=17 (full 1):
 PSYoungGen      total 153088K, used 132896K [0x00000000eab00000, 0x00000000f5600000, 0x0000000100000000)
  eden space 131072K, 100% used [0x00000000eab00000,0x00000000f2b00000,0x00000000f2b00000)
  from space 22016K, 8% used [0x00000000f2b00000,0x00000000f2cc8000,0x00000000f4080000)
  to   space 20992K, 0% used [0x00000000f4180000,0x00000000f4180000,0x00000000f5600000)
 ParOldGen       total 100864K, used 45586K [0x00000000c0000000, 0x00000000c6280000, 0x00000000eab00000)
  object space 100864K, 45% used [0x00000000c0000000,0x00000000c2c84bf8,0x00000000c6280000)
 Metaspace       used 15774K, capacity 16542K, committed 17152K, reserved 1064960K
  class space    used 1864K, capacity 2085K, committed 2304K, reserved 1048576K
Event: 6.517 GC heap after
Heap after GC invocations=17 (full 1):
 PSYoungGen      total 152064K, used 1824K [0x00000000eab00000, 0x00000000f5600000, 0x0000000100000000)
  eden space 131072K, 0% used [0x00000000eab00000,0x00000000eab00000,0x00000000f2b00000)
  from space 20992K, 8% used [0x00000000f4180000,0x00000000f4348000,0x00000000f5600000)
  to   space 22016K, 0% used [0x00000000f2b00000,0x00000000f2b00000,0x00000000f4080000)
 ParOldGen       total 100864K, used 46964K [0x00000000c0000000, 0x00000000c6280000, 0x00000000eab00000)
  object space 100864K, 46% used [0x00000000c0000000,0x00000000c2ddd078,0x00000000c6280000)
 Metaspace       used 15774K, capacity 16542K, committed 17152K, reserved 1064960K
  class space    used 1864K, capacity 2085K, committed 2304K, reserved 1048576K
}
Event: 6.718 GC heap before
{Heap before GC invocations=18 (full 1):
 PSYoungGen      total 152064K, used 132896K [0x00000000eab00000, 0x00000000f5600000, 0x0000000100000000)
  eden space 131072K, 100% used [0x00000000eab00000,0x00000000f2b00000,0x00000000f2b00000)
  from space 20992K, 8% used [0x00000000f4180000,0x00000000f4348000,0x00000000f5600000)
  to   space 22016K, 0% used [0x00000000f2b00000,0x00000000f2b00000,0x00000000f4080000)
 ParOldGen       total 100864K, used 46964K [0x00000000c0000000, 0x00000000c6280000, 0x00000000eab00000)
  object space 100864K, 46% used [0x00000000c0000000,0x00000000c2ddd078,0x00000000c6280000)
 Metaspace       used 15792K, capacity 16606K, committed 17408K, reserved 1064960K
  class space    used 1864K, capacity 2085K, committed 2304K, reserved 1048576K
Event: 6.723 GC heap after
Heap after GC invocations=18 (full 1):
 PSYoungGen      total 153088K, used 2148K [0x00000000eab00000, 0x00000000f7900000, 0x0000000100000000)
  eden space 131072K, 0% used [0x00000000eab00000,0x00000000eab00000,0x00000000f2b00000)
  from space 22016K, 9% used [0x00000000f2b00000,0x00000000f2d190e0,0x00000000f4080000)
  to   space 25600K, 0% used [0x00000000f6000000,0x00000000f6000000,0x00000000f7900000)
 ParOldGen       total 100864K, used 48356K [0x00000000c0000000, 0x00000000c6280000, 0x00000000eab00000)
  object space 100864K, 47% used [0x00000000c0000000,0x00000000c2f39078,0x00000000c6280000)
 Metaspace       used 15792K, capacity 16606K, committed 17408K, reserved 1064960K
  class space    used 1864K, capacity 2085K, committed 2304K, reserved 1048576K
}

