# JRE version: OpenJDK Runtime Environment (8.0) (build 1.8.0-25-microsoft-b00)
# Java VM: OpenJDK 64-Bit Server VM (25.71-b00 mixed mode windows-amd64 compressed oops)
Heap:
 PSYoungGen      total 23552K, used 8601K [0x00000000d6180000, 0x00000000d8180000, 0x0000000100000000)
  eden space 15360K, 55% used [0x00000000d6180000,0x00000000d69e6538,0x00000000d7080000)
  from space 8192K, 0% used [0x00000000d7980000,0x00000000d7980000,0x00000000d8180000)
  to   space 8704K, 0% used [0x00000000d7080000,0x00000000d7080000,0x00000000d7900000)
 ParOldGen       total 40448K, used 24075K [0x0000000082400000, 0x0000000084b80000, 0x00000000d6180000)
  object space 40448K, 59% used [0x0000000082400000,0x0000000083b82f90,0x0000000084b80000)
 Metaspace       used 9769K, capacity 10206K, committed 10368K, reserved 1058816K
  class space    used 1004K, capacity 1042K, committed 1152K, reserved 1048576K
GC Heap History (10 events):
Event: 2.599 GC heap before
{Heap before GC invocations=20 (full 3):
 PSYoungGen      total 17920K, used 4585K [0x00000000d6180000, 0x00000000d7e80000, 0x0000000100000000)
  eden space 13312K, 0% used [0x00000000d6180000,0x00000000d6180000,0x00000000d6e80000)
  from space 4608K, 99% used [0x00000000d6e80000,0x00000000d72fa798,0x00000000d7300000)
  to   space 7680K, 0% used [0x00000000d7700000,0x00000000d7700000,0x00000000d7e80000)
 ParOldGen       total 16384K, used 16181K [0x0000000082400000, 0x0000000083400000, 0x00000000d6180000)
  object space 16384K, 98% used [0x0000000082400000,0x00000000833cd678,0x0000000083400000)
 Metaspace       used 7846K, capacity 8660K, committed 8960K, reserved 1056768K
  class space    used 884K, capacity 912K, committed 1024K, reserved 1048576K
Event: 2.721 GC heap after
Heap after GC invocations=20 (full 3):
 PSYoungGen      total 17920K, used 4053K [0x00000000d6180000, 0x00000000d7e80000, 0x0000000100000000)
  eden space 13312K, 0% used [0x00000000d6180000,0x00000000d6180000,0x00000000d6e80000)
  from space 4608K, 87% used [0x00000000d6e80000,0x00000000d72755c8,0x00000000d7300000)
  to   space 7680K, 0% used [0x00000000d7700000,0x00000000d7700000,0x00000000d7e80000)
 ParOldGen       total 26624K, used 16281K [0x0000000082400000, 0x0000000083e00000, 0x00000000d6180000)
  object space 26624K, 61% used [0x0000000082400000,0x00000000833e64f0,0x0000000083e00000)
 Metaspace       used 7846K, capacity 8660K, committed 8960K, reserved 1056768K
  class space    used 884K, capacity 912K, committed 1024K, reserved 1048576K
}
Event: 3.632 GC heap before
{Heap before GC invocations=21 (full 3):
 PSYoungGen      total 17920K, used 17365K [0x00000000d6180000, 0x00000000d7e80000, 0x0000000100000000)
  eden space 13312K, 100% used [0x00000000d6180000,0x00000000d6e80000,0x00000000d6e80000)
  from space 4608K, 87% used [0x00000000d6e80000,0x00000000d72755c8,0x00000000d7300000)
  to   space 7680K, 0% used [0x00000000d7700000,0x00000000d7700000,0x00000000d7e80000)
 ParOldGen       total 26624K, used 16281K [0x0000000082400000, 0x0000000083e00000, 0x00000000d6180000)
  object space 26624K, 61% used [0x0000000082400000,0x00000000833e64f0,0x0000000083e00000)
 Metaspace       used 8022K, capacity 8788K, committed 8960K, reserved 1056768K
  class space    used 884K, capacity 912K, committed 1024K, reserved 1048576K
Event: 3.640 GC heap after
Heap after GC invocations=21 (full 3):
 PSYoungGen      total 22016K, used 4975K [0x00000000d6180000, 0x00000000d7e80000, 0x0000000100000000)
  eden space 14336K, 0% used [0x00000000d6180000,0x00000000d6180000,0x00000000d6f80000)
  from space 7680K, 64% used [0x00000000d7700000,0x00000000d7bdbc40,0x00000000d7e80000)
  to   space 7680K, 0% used [0x00000000d6f80000,0x00000000d6f80000,0x00000000d7700000)
 ParOldGen       total 26624K, used 20349K [0x0000000082400000, 0x0000000083e00000, 0x00000000d6180000)
  object space 26624K, 76% used [0x0000000082400000,0x00000000837df678,0x0000000083e00000)
 Metaspace       used 8022K, capacity 8788K, committed 8960K, reserved 1056768K
  class space    used 884K, capacity 912K, committed 1024K, reserved 1048576K
}
Event: 4.021 GC heap before
{Heap before GC invocations=22 (full 3):
 PSYoungGen      total 22016K, used 19311K [0x00000000d6180000, 0x00000000d7e80000, 0x0000000100000000)
  eden space 14336K, 100% used [0x00000000d6180000,0x00000000d6f80000,0x00000000d6f80000)
  from space 7680K, 64% used [0x00000000d7700000,0x00000000d7bdbc40,0x00000000d7e80000)
  to   space 7680K, 0% used [0x00000000d6f80000,0x00000000d6f80000,0x00000000d7700000)
 ParOldGen       total 26624K, used 20349K [0x0000000082400000, 0x0000000083e00000, 0x00000000d6180000)
  object space 26624K, 76% used [0x0000000082400000,0x00000000837df678,0x0000000083e00000)
 Metaspace       used 9170K, capacity 9630K, committed 9856K, reserved 1058816K
  class space    used 1004K, capacity 1042K, committed 1152K, reserved 1048576K
Event: 4.026 GC heap after
Heap after GC invocations=22 (full 3):
 PSYoungGen      total 22016K, used 7655K [0x00000000d6180000, 0x00000000d8280000, 0x0000000100000000)
  eden space 14336K, 0% used [0x00000000d6180000,0x00000000d6180000,0x00000000d6f80000)
  from space 7680K, 99% used [0x00000000d6f80000,0x00000000d76f9cf8,0x00000000d7700000)
  to   space 9216K, 0% used [0x00000000d7980000,0x00000000d7980000,0x00000000d8280000)
 ParOldGen       total 26624K, used 20906K [0x0000000082400000, 0x0000000083e00000, 0x00000000d6180000)
  object space 26624K, 78% used [0x0000000082400000,0x000000008386a888,0x0000000083e00000)
 Metaspace       used 9170K, capacity 9630K, committed 9856K, reserved 1058816K
  class space    used 1004K, capacity 1042K, committed 1152K, reserved 1048576K
}
Event: 4.567 GC heap before
{Heap before GC invocations=23 (full 3):
 PSYoungGen      total 22016K, used 21991K [0x00000000d6180000, 0x00000000d8280000, 0x0000000100000000)
  eden space 14336K, 100% used [0x00000000d6180000,0x00000000d6f80000,0x00000000d6f80000)
  from space 7680K, 99% used [0x00000000d6f80000,0x00000000d76f9cf8,0x00000000d7700000)
  to   space 9216K, 0% used [0x00000000d7980000,0x00000000d7980000,0x00000000d8280000)
 ParOldGen       total 26624K, used 20906K [0x0000000082400000, 0x0000000083e00000, 0x00000000d6180000)
  object space 26624K, 78% used [0x0000000082400000,0x000000008386a888,0x0000000083e00000)
 Metaspace       used 9606K, capacity 10078K, committed 10368K, reserved 1058816K
  class space    used 1004K, capacity 1042K, committed 1152K, reserved 1048576K
Event: 4.577 GC heap after
Heap after GC invocations=23 (full 3):
 PSYoungGen      total 23552K, used 2544K [0x00000000d6180000, 0x00000000d8180000, 0x0000000100000000)
  eden space 15360K, 0% used [0x00000000d6180000,0x00000000d6180000,0x00000000d7080000)
  from space 8192K, 31% used [0x00000000d7980000,0x00000000d7bfc020,0x00000000d8180000)
  to   space 8704K, 0% used [0x00000000d7080000,0x00000000d7080000,0x00000000d7900000)
 ParOldGen       total 28160K, used 27999K [0x0000000082400000, 0x0000000083f80000, 0x00000000d6180000)
  object space 28160K, 99% used [0x0000000082400000,0x0000000083f57f80,0x0000000083f80000)
 Metaspace       used 9606K, capacity 10078K, committed 10368K, reserved 1058816K
  class space    used 1004K, capacity 1042K, committed 1152K, reserved 1048576K
}
Event: 4.577 GC heap before
{Heap before GC invocations=24 (full 4):
 PSYoungGen      total 23552K, used 2544K [0x00000000d6180000, 0x00000000d8180000, 0x0000000100000000)
  eden space 15360K, 0% used [0x00000000d6180000,0x00000000d6180000,0x00000000d7080000)
  from space 8192K, 31% used [0x00000000d7980000,0x00000000d7bfc020,0x00000000d8180000)
  to   space 8704K, 0% used [0x00000000d7080000,0x00000000d7080000,0x00000000d7900000)
 ParOldGen       total 28160K, used 27999K [0x0000000082400000, 0x0000000083f80000, 0x00000000d6180000)
  object space 28160K, 99% used [0x0000000082400000,0x0000000083f57f80,0x0000000083f80000)
 Metaspace       used 9606K, capacity 10078K, committed 10368K, reserved 1058816K
  class space    used 1004K, capacity 1042K, committed 1152K, reserved 1048576K
Event: 4.638 GC heap after
Heap after GC invocations=24 (full 4):
 PSYoungGen      total 23552K, used 0K [0x00000000d6180000, 0x00000000d8180000, 0x0000000100000000)
  eden space 15360K, 0% used [0x00000000d6180000,0x00000000d6180000,0x00000000d7080000)
  from space 8192K, 0% used [0x00000000d7980000,0x00000000d7980000,0x00000000d8180000)
  to   space 8704K, 0% used [0x00000000d7080000,0x00000000d7080000,0x00000000d7900000)
 ParOldGen       total 40448K, used 24075K [0x0000000082400000, 0x0000000084b80000, 0x00000000d6180000)
  object space 40448K, 59% used [0x0000000082400000,0x0000000083b82f90,0x0000000084b80000)
 Metaspace       used 9606K, capacity 10078K, committed 10368K, reserved 1058816K
  class space    used 1004K, capacity 1042K, committed 1152K, reserved 1048576K
}

